-------------------------------------------------------------------------------
Test set: com.vocalink.service.ParserServiceTest
-------------------------------------------------------------------------------
Tests run: 2, Failures: 1, Errors: 0, Skipped: 0, Time elapsed: 0.138 s <<< FAILURE! - in com.vocalink.service.ParserServiceTest
forGivenChar_ParserService_ResultsERROR(com.vocalink.service.ParserServiceTest)  Time elapsed: 0.029 s  <<< FAILURE!
java.lang.AssertionError: 

Expected: is null
     but: was <Optional[ERROR]>
	at com.vocalink.service.ParserServiceTest.forGivenChar_ParserService_ResultsERROR(ParserServiceTest.java:64)

