<?xml version="1.0" encoding="UTF-8"?>
<testsuite xmlns:xsi="http://www.w3.org/2001/XMLSchema-instance" xsi:noNamespaceSchemaLocation="https://maven.apache.org/surefire/maven-surefire-plugin/xsd/surefire-test-report.xsd" name="com.vocalink.service.ParserServiceTest" time="0.138" tests="2" errors="0" skipped="0" failures="1">
  <properties>
[...]
</properties>
  <testcase name="forGivenChar_ParserService_ResultsERROR" classname="com.vocalink.service.ParserServiceTest" time="0.029">
    <failure message="&#10;Expected: is null&#10;     but: was &lt;Optional[ERROR]&gt;" type="java.lang.AssertionError"><![CDATA[java.lang.AssertionError: 

Expected: is null
     but: was <Optional[ERROR]>
	at com.vocalink.service.ParserServiceTest.forGivenChar_ParserService_ResultsERROR(ParserServiceTest.java:64)
]]></failure>
    <system-out><![CDATA[abc]]></system-out>
  </testcase>
  <testcase name="forGivenNumber_ParserService_ResultsSUCCESS" classname="com.vocalink.service.ParserServiceTest" time="0.004"/>
</testsuite>